<?xml version="1.0" encoding="UTF-8"?>
<!-- Generated by org.testng.reporters.JUnitReportReporter -->
<testsuite hostname="IB-SEZ-LAP-349" name="testRun.LoginTestRun" tests="2" failures="0" timestamp="18 Jul 2018 06:48:55 GMT" time="2.663" errors="0">
  <testcase name="loginInvalidData" time="0.696" classname="testRun.LoginTestRun"/>
  <testcase name="loginValidData" time="1.967" classname="testRun.LoginTestRun"/>
</testsuite> <!-- testRun.LoginTestRun -->
