<?xml version="1.0" encoding="UTF-8"?>
<!-- Generated by org.testng.reporters.JUnitReportReporter -->
<testsuite hostname="IB-SEZ-LAP-349" name="testRun.LoginTestRun" tests="2" failures="0" timestamp="18 Jul 2018 12:10:58 GMT" time="2.995" errors="0">
  <testcase name="loginValidData" time="2.282" classname="testRun.LoginTestRun"/>
  <testcase name="loginInvalidData" time="0.713" classname="testRun.LoginTestRun"/>
</testsuite> <!-- testRun.LoginTestRun -->
