<?xml version="1.0" encoding="UTF-8"?>
<!-- Generated by org.testng.reporters.JUnitReportReporter -->
<testsuite hostname="IB-SEZ-LAP-349" name="testRun.VerifyTitle" tests="1" failures="0" timestamp="4 Jul 2018 07:54:23 GMT" time="0.520" errors="0">
  <testcase name="loginTest" time="0.520" classname="testRun.VerifyTitle"/>
</testsuite> <!-- testRun.VerifyTitle -->
