<?xml version="1.0" encoding="UTF-8"?>
<!-- Generated by org.testng.reporters.JUnitReportReporter -->
<testsuite hostname="IB-SEZ-LAP-349" name="testRun.VerifyTitle" tests="1" failures="0" timestamp="18 Jul 2018 06:48:55 GMT" time="0.079" errors="0">
  <testcase name="loginTest" time="0.079" classname="testRun.VerifyTitle"/>
</testsuite> <!-- testRun.VerifyTitle -->
